{"C:\\Scripts\\ProjetoScriptsParte2\\src\\controllers\\authController.ts": {"path":"C:\\Scripts\\ProjetoScriptsParte2\\src\\controllers\\authController.ts","statementMap":{"0":{"start":{"line":18,"column":27},"end":{"line":56,"column":1}},"1":{"start":{"line":19,"column":2},"end":{"line":55,"column":3}},"2":{"start":{"line":20,"column":29},"end":{"line":20,"column":50}},"3":{"start":{"line":22,"column":4},"end":{"line":22,"column":93}},"4":{"start":{"line":22,"column":26},"end":{"line":22,"column":93}},"5":{"start":{"line":24,"column":17},"end":{"line":24,"column":68}},"6":{"start":{"line":26,"column":4},"end":{"line":26,"column":81}},"7":{"start":{"line":26,"column":15},"end":{"line":26,"column":81}},"8":{"start":{"line":28,"column":25},"end":{"line":28,"column":80}},"9":{"start":{"line":30,"column":4},"end":{"line":50,"column":5}},"10":{"start":{"line":31,"column":17},"end":{"line":31,"column":40}},"11":{"start":{"line":32,"column":19},"end":{"line":32,"column":44}},"12":{"start":{"line":34,"column":20},"end":{"line":37,"column":null}},"13":{"start":{"line":40,"column":6},"end":{"line":43,"column":9}},"14":{"start":{"line":45,"column":6},"end":{"line":45,"column":56}},"15":{"start":{"line":47,"column":6},"end":{"line":47,"column":30}},"16":{"start":{"line":49,"column":6},"end":{"line":49,"column":65}},"17":{"start":{"line":53,"column":4},"end":{"line":53,"column":25}},"18":{"start":{"line":54,"column":4},"end":{"line":54,"column":56}},"19":{"start":{"line":58,"column":30},"end":{"line":87,"column":1}},"20":{"start":{"line":59,"column":2},"end":{"line":86,"column":3}},"21":{"start":{"line":60,"column":51},"end":{"line":60,"column":75}},"22":{"start":{"line":62,"column":4},"end":{"line":64,"column":5}},"23":{"start":{"line":63,"column":6},"end":{"line":63,"column":74}},"24":{"start":{"line":66,"column":23},"end":{"line":66,"column":74}},"25":{"start":{"line":67,"column":4},"end":{"line":69,"column":5}},"26":{"start":{"line":68,"column":6},"end":{"line":68,"column":81}},"27":{"start":{"line":71,"column":23},"end":{"line":71,"column":25}},"28":{"start":{"line":72,"column":22},"end":{"line":72,"column":59}},"29":{"start":{"line":74,"column":4},"end":{"line":78,"column":7}},"30":{"start":{"line":80,"column":4},"end":{"line":80,"column":60}},"31":{"start":{"line":81,"column":4},"end":{"line":81,"column":22}},"32":{"start":{"line":84,"column":4},"end":{"line":84,"column":46}},"33":{"start":{"line":85,"column":4},"end":{"line":85,"column":70}},"34":{"start":{"line":89,"column":28},"end":{"line":92,"column":1}},"35":{"start":{"line":90,"column":2},"end":{"line":90,"column":25}},"36":{"start":{"line":91,"column":2},"end":{"line":91,"column":20}}},"fnMap":{"0":{"name":"(anonymous_0)","decl":{"start":{"line":18,"column":27},"end":{"line":18,"column":32}},"loc":{"start":{"line":18,"column":65},"end":{"line":56,"column":1}}},"1":{"name":"(anonymous_1)","decl":{"start":{"line":58,"column":30},"end":{"line":58,"column":35}},"loc":{"start":{"line":58,"column":68},"end":{"line":87,"column":1}}},"2":{"name":"(anonymous_2)","decl":{"start":{"line":89,"column":28},"end":{"line":89,"column":29}},"loc":{"start":{"line":89,"column":60},"end":{"line":92,"column":1}}}},"branchMap":{"0":{"loc":{"start":{"line":22,"column":4},"end":{"line":22,"column":93}},"type":"if","locations":[{"start":{"line":22,"column":4},"end":{"line":22,"column":93}},{"start":{},"end":{}}]},"1":{"loc":{"start":{"line":22,"column":8},"end":{"line":22,"column":24}},"type":"binary-expr","locations":[{"start":{"line":22,"column":8},"end":{"line":22,"column":14}},{"start":{"line":22,"column":18},"end":{"line":22,"column":24}}]},"2":{"loc":{"start":{"line":26,"column":4},"end":{"line":26,"column":81}},"type":"if","locations":[{"start":{"line":26,"column":4},"end":{"line":26,"column":81}},{"start":{},"end":{}}]},"3":{"loc":{"start":{"line":30,"column":4},"end":{"line":50,"column":5}},"type":"if","locations":[{"start":{"line":30,"column":4},"end":{"line":50,"column":5}},{"start":{"line":48,"column":11},"end":{"line":50,"column":5}}]},"4":{"loc":{"start":{"line":62,"column":4},"end":{"line":64,"column":5}},"type":"if","locations":[{"start":{"line":62,"column":4},"end":{"line":64,"column":5}},{"start":{},"end":{}}]},"5":{"loc":{"start":{"line":62,"column":8},"end":{"line":62,"column":42}},"type":"binary-expr","locations":[{"start":{"line":62,"column":8},"end":{"line":62,"column":14}},{"start":{"line":62,"column":18},"end":{"line":62,"column":42}}]},"6":{"loc":{"start":{"line":67,"column":4},"end":{"line":69,"column":5}},"type":"if","locations":[{"start":{"line":67,"column":4},"end":{"line":69,"column":5}},{"start":{},"end":{}}]}},"s":{"0":1,"1":4,"2":4,"3":4,"4":1,"5":3,"6":3,"7":1,"8":2,"9":2,"10":1,"11":1,"12":1,"13":1,"14":1,"15":1,"16":1,"17":0,"18":0,"19":1,"20":2,"21":2,"22":2,"23":1,"24":1,"25":1,"26":0,"27":1,"28":1,"29":1,"30":1,"31":1,"32":0,"33":0,"34":1,"35":1,"36":1},"f":{"0":4,"1":2,"2":1},"b":{"0":[1,3],"1":[4,4],"2":[1,2],"3":[1,1],"4":[1,1],"5":[2,2],"6":[0,1]}}
,"C:\\Scripts\\ProjetoScriptsParte2\\src\\controllers\\curriculoController.ts": {"path":"C:\\Scripts\\ProjetoScriptsParte2\\src\\controllers\\curriculoController.ts","statementMap":{"0":{"start":{"line":25,"column":29},"end":{"line":42,"column":1}},"1":{"start":{"line":26,"column":2},"end":{"line":41,"column":3}},"2":{"start":{"line":27,"column":19},"end":{"line":27,"column":36}},"3":{"start":{"line":29,"column":22},"end":{"line":29,"column":79}},"4":{"start":{"line":30,"column":17},"end":{"line":30,"column":48}},"5":{"start":{"line":32,"column":4},"end":{"line":36,"column":7}},"6":{"start":{"line":39,"column":4},"end":{"line":39,"column":53}},"7":{"start":{"line":40,"column":4},"end":{"line":40,"column":26}},"8":{"start":{"line":44,"column":29},"end":{"line":85,"column":1}},"9":{"start":{"line":45,"column":2},"end":{"line":84,"column":3}},"10":{"start":{"line":46,"column":19},"end":{"line":46,"column":36}},"11":{"start":{"line":48,"column":17},"end":{"line":48,"column":42}},"12":{"start":{"line":50,"column":28},"end":{"line":67,"column":6}},"13":{"start":{"line":69,"column":31},"end":{"line":69,"column":88}},"14":{"start":{"line":71,"column":4},"end":{"line":77,"column":5}},"15":{"start":{"line":72,"column":6},"end":{"line":72,"column":55}},"16":{"start":{"line":73,"column":6},"end":{"line":73,"column":43}},"17":{"start":{"line":75,"column":6},"end":{"line":75,"column":46}},"18":{"start":{"line":76,"column":6},"end":{"line":76,"column":39}},"19":{"start":{"line":79,"column":4},"end":{"line":79,"column":28}},"20":{"start":{"line":82,"column":4},"end":{"line":82,"column":54}},"21":{"start":{"line":83,"column":4},"end":{"line":83,"column":31}}},"fnMap":{"0":{"name":"(anonymous_0)","decl":{"start":{"line":25,"column":29},"end":{"line":25,"column":34}},"loc":{"start":{"line":25,"column":67},"end":{"line":42,"column":1}}},"1":{"name":"(anonymous_1)","decl":{"start":{"line":44,"column":29},"end":{"line":44,"column":34}},"loc":{"start":{"line":44,"column":67},"end":{"line":85,"column":1}}}},"branchMap":{"0":{"loc":{"start":{"line":71,"column":4},"end":{"line":77,"column":5}},"type":"if","locations":[{"start":{"line":71,"column":4},"end":{"line":77,"column":5}},{"start":{"line":74,"column":11},"end":{"line":77,"column":5}}]}},"s":{"0":1,"1":2,"2":2,"3":2,"4":1,"5":1,"6":1,"7":1,"8":1,"9":3,"10":3,"11":3,"12":3,"13":3,"14":2,"15":1,"16":1,"17":1,"18":1,"19":2,"20":1,"21":1},"f":{"0":2,"1":3},"b":{"0":[1,1]}}
,"C:\\Scripts\\ProjetoScriptsParte2\\src\\controllers\\userController.ts": {"path":"C:\\Scripts\\ProjetoScriptsParte2\\src\\controllers\\userController.ts","statementMap":{"0":{"start":{"line":5,"column":21},"end":{"line":10,"column":2}},"1":{"start":{"line":12,"column":28},"end":{"line":16,"column":2}},"2":{"start":{"line":18,"column":35},"end":{"line":23,"column":2}},"3":{"start":{"line":25,"column":26},"end":{"line":49,"column":1}},"4":{"start":{"line":26,"column":2},"end":{"line":48,"column":3}},"5":{"start":{"line":27,"column":19},"end":{"line":27,"column":36}},"6":{"start":{"line":29,"column":17},"end":{"line":29,"column":48}},"7":{"start":{"line":31,"column":22},"end":{"line":31,"column":79}},"8":{"start":{"line":33,"column":22},"end":{"line":33,"column":54}},"9":{"start":{"line":34,"column":4},"end":{"line":34,"column":48}},"10":{"start":{"line":34,"column":19},"end":{"line":34,"column":48}},"11":{"start":{"line":36,"column":4},"end":{"line":43,"column":7}},"12":{"start":{"line":46,"column":4},"end":{"line":46,"column":53}},"13":{"start":{"line":47,"column":4},"end":{"line":47,"column":22}}},"fnMap":{"0":{"name":"(anonymous_0)","decl":{"start":{"line":25,"column":26},"end":{"line":25,"column":31}},"loc":{"start":{"line":25,"column":64},"end":{"line":49,"column":1}}}},"branchMap":{"0":{"loc":{"start":{"line":34,"column":4},"end":{"line":34,"column":48}},"type":"if","locations":[{"start":{"line":34,"column":4},"end":{"line":34,"column":48}},{"start":{},"end":{}}]}},"s":{"0":1,"1":1,"2":1,"3":1,"4":4,"5":4,"6":4,"7":3,"8":3,"9":3,"10":1,"11":3,"12":1,"13":1},"f":{"0":4},"b":{"0":[1,2]}}
}
