TN:
SF:src\controllers\authController.ts
FN:18,(anonymous_0)
FN:58,(anonymous_1)
FN:89,(anonymous_2)
FNF:3
FNH:3
FNDA:4,(anonymous_0)
FNDA:2,(anonymous_1)
FNDA:1,(anonymous_2)
DA:18,1
DA:19,4
DA:20,4
DA:22,4
DA:24,3
DA:26,3
DA:28,2
DA:30,2
DA:31,1
DA:32,1
DA:34,1
DA:40,1
DA:45,1
DA:47,1
DA:49,1
DA:53,0
DA:54,0
DA:58,1
DA:59,2
DA:60,2
DA:62,2
DA:63,1
DA:66,1
DA:67,1
DA:68,0
DA:71,1
DA:72,1
DA:74,1
DA:80,1
DA:81,1
DA:84,0
DA:85,0
DA:89,1
DA:90,1
DA:91,1
LF:35
LH:30
BRDA:22,0,0,1
BRDA:22,0,1,3
BRDA:22,1,0,4
BRDA:22,1,1,4
BRDA:26,2,0,1
BRDA:26,2,1,2
BRDA:30,3,0,1
BRDA:30,3,1,1
BRDA:62,4,0,1
BRDA:62,4,1,1
BRDA:62,5,0,2
BRDA:62,5,1,2
BRDA:67,6,0,0
BRDA:67,6,1,1
BRF:14
BRH:13
end_of_record
TN:
SF:src\controllers\curriculoController.ts
FN:25,(anonymous_0)
FN:44,(anonymous_1)
FNF:2
FNH:2
FNDA:2,(anonymous_0)
FNDA:3,(anonymous_1)
DA:25,1
DA:26,2
DA:27,2
DA:29,2
DA:30,1
DA:32,1
DA:39,1
DA:40,1
DA:44,1
DA:45,3
DA:46,3
DA:48,3
DA:50,3
DA:69,3
DA:71,2
DA:72,1
DA:73,1
DA:75,1
DA:76,1
DA:79,2
DA:82,1
DA:83,1
LF:22
LH:22
BRDA:71,0,0,1
BRDA:71,0,1,1
BRF:2
BRH:2
end_of_record
TN:
SF:src\controllers\userController.ts
FN:25,(anonymous_0)
FNF:1
FNH:1
FNDA:4,(anonymous_0)
DA:5,1
DA:12,1
DA:18,1
DA:25,1
DA:26,4
DA:27,4
DA:29,4
DA:31,3
DA:33,3
DA:34,3
DA:36,3
DA:46,1
DA:47,1
LF:13
LH:13
BRDA:34,0,0,1
BRDA:34,0,1,2
BRF:2
BRH:2
end_of_record
